Step: build-step-credential-initializer:

{"level":"warn","ts":1548168661.1592922,"logger":"fallback-logger","caller":"logging/config.go:65","msg":"Fetch GitHub commit ID from kodata failed: \"ref: refs/heads/test\" is not a valid GitHub commit ID"}
{"level":"info","ts":1548168661.160527,"logger":"fallback-logger","caller":"creds-init/main.go:40","msg":"Credentials initialized."}
Step: build-step-git-source-0:

{"level":"warn","ts":1548168662.1102998,"logger":"fallback-logger","caller":"logging/config.go:65","msg":"Fetch GitHub commit ID from kodata failed: \"ref: refs/heads/test\" is not a valid GitHub commit ID"}
{"level":"info","ts":1548168664.9819367,"logger":"fallback-logger","caller":"git-init/main.go:92","msg":"Successfully cloned \"https://github.com/interweberde/ching-chang-chong.git\" @ \"77ec12f145ab80a256273c17664c7a592f48856c\" in path \"/workspace\""}
Step: build-step-jenkins:

Picked up _JAVA_OPTIONS: -Xmx400m
Started
Running in Durability level: PERFORMANCE_OPTIMIZED
  18.298 [id=41]	WARNING	i.f.k.c.i.VersionUsageUtils#alert: The client is using resource type 'customresourcedefinitions' with unstable version 'v1beta1'
[Pipeline] node
Running on Jenkins in /tmp/jenkinsTests.tmp/jenkins2200436917428223338test/workspace/job
[Pipeline] {
[Pipeline] stage
[Pipeline] { (Declarative: Checkout SCM)
[Pipeline] checkout
[Pipeline] }
[Pipeline] // stage
[Pipeline] withCredentials
[Pipeline] {
[Pipeline] withEnv
[Pipeline] {
[Pipeline] stage
[Pipeline] { (CI Build and push snapshot)
[Pipeline] withEnv
[Pipeline] {
[Pipeline] sh
+ npm install
npm notice created a lockfile as package-lock.json. You should commit this file.
npm WARN REPLACE_ME@1.0.0 No repository field.
npm WARN REPLACE_ME@1.0.0 No license field.

up to date in 0.123s
[Pipeline] sh
+ CI=true DISPLAY=:99 npm test

> REPLACE_ME@1.0.0 test /tmp/jenkinsTests.tmp/jenkins2200436917428223338test/workspace/job
> echo "no test specified" && exit 0

no test specified
[Pipeline] sh
+ export VERSION=0.0.0-SNAPSHOT-PR-1-1
+ skaffold build -f skaffold.yaml
Starting build...
Building [changeme]...
Sending build context to Docker daemon  94.72kB
Step 1/6 : FROM node:9-slim
 ---> e20bb4abe4ee
Step 2/6 : ENV PORT 8080
 ---> Using cache
 ---> 962c4cc92a27
Step 3/6 : EXPOSE 8080
 ---> Using cache
 ---> 0d26e0c733f7
Step 4/6 : WORKDIR /usr/src/app
 ---> Using cache
 ---> 73ed8264170c
Step 5/6 : COPY . .
 ---> feb879c31f8b
Step 6/6 : CMD ["npm", "start"]
 ---> Running in 918a26a0549a
 ---> 176fdb810afc
Successfully built 176fdb810afc
Successfully tagged 8c9aaa2108f48f7de419bc52e1ce14fa:latest
The push refers to repository [10.152.183.126:5000/interweberde/ching-chang-chong]
82765bcadbfb: Preparing
c35f7e9f9bc2: Preparing
e16c226cf2a8: Preparing
7fd597d009e4: Preparing
7c6ab5fb7059: Preparing
ed271eac23e9: Preparing
156ff16f37e4: Preparing
ed271eac23e9: Waiting
156ff16f37e4: Waiting
c35f7e9f9bc2: Layer already exists
7fd597d009e4: Layer already exists
e16c226cf2a8: Layer already exists
ed271eac23e9: Layer already exists
7c6ab5fb7059: Layer already exists
156ff16f37e4: Layer already exists
82765bcadbfb: Pushed
0.0.0-SNAPSHOT-PR-1-1: digest: sha256:b6326edb2a3135fd6af164e5559a5507ff88ab3b63dbf7f40a507471ea8e4802 size: 1786
Build complete in 1.260216905s
Starting test...
Test complete in 8.664µs
changeme -> 10.152.183.126:5000/interweberde/ching-chang-chong:0.0.0-SNAPSHOT-PR-1-1
[Pipeline] sh
+ jx step post build --image 10.152.183.126:5000/interweberde/ching-chang-chong:0.0.0-SNAPSHOT-PR-1-1
[Pipeline] dir
Running in /tmp/jenkinsTests.tmp/jenkins2200436917428223338test/workspace/job/charts/preview
[Pipeline] {
[Pipeline] sh
+ make preview
sed -i -e "s/version:.*/version: 0.0.0-SNAPSHOT-PR-1-1/" Chart.yaml
sed -i -e "s/version:.*/version: 0.0.0-SNAPSHOT-PR-1-1/" ../*/Chart.yaml
sed -i -e "s|repository:.*|repository: 10.152.183.126:5000\/interweberde\/ching-chang-chong|" values.yaml
sed -i -e "s/tag:.*/tag: 0.0.0-SNAPSHOT-PR-1-1/" values.yaml
echo "  version: 0.0.0-SNAPSHOT-PR-1-1" >> requirements.yaml
jx step helm build
No $CHART_REPOSITORY defined so using the default value of: http://jenkins-x-chartmuseum:8080
Adding missing Helm repo: releases http://jenkins-x-chartmuseum:8080
Successfully added Helm repository releases.
Adding missing Helm repo: jenkins-x http://chartmuseum.jenkins-x.io
Successfully added Helm repository jenkins-x.
[Pipeline] sh
+ jx preview --app ching-chang-chong --dir ../..
Creating a preview
Commit author email is empty for: 77ec12f145ab80a256273c17664c7a592f48856c
Looking for commits in: /tmp/jenkinsTests.tmp/jenkins2200436917428223338test/workspace/job/
Found commit author match for: xyng with email address: daniel.melchior@interweber.de
Created environment interweberde-ching-chang-chong-pr-1
Namespace jx-interweberde-ching-chang-chong-pr-1 created 
 expose:
  Annotations:
    helm.sh/hook: post-install,post-upgrade
    helm.sh/hook-delete-policy: hook-succeeded
  config:
    domain: 192.168.178.38.nip.io
    exposer: Ingress
    http: "true"
preview:
  image:
    repository: 10.152.183.126:5000/interweberde/ching-chang-chong
    tag: 0.0.0-SNAPSHOT-PR-1-1
Updating PipelineActivities interweberde-ching-chang-chong-pr-1-1 which has status Running
Preview application is now available at: http://ching-chang-chong.jx-interweberde-ching-chang-chong-pr-1.192.168.178.38.nip.io

[Pipeline] }
[Pipeline] // dir
[Pipeline] }
[Pipeline] // withEnv
[Pipeline] }
[Pipeline] // stage
[Pipeline] stage
[Pipeline] { (Build Release)
Stage "Build Release" skipped due to when conditional
[Pipeline] }
[Pipeline] // stage
[Pipeline] stage
[Pipeline] { (Promote to Environments)
Stage "Promote to Environments" skipped due to when conditional
[Pipeline] }
[Pipeline] // stage
[Pipeline] }
[Pipeline] // withEnv
[Pipeline] }
[Pipeline] // withCredentials
[Pipeline] }
[Pipeline] // node
[Pipeline] End of Pipeline
Finished: SUCCESS
