Step: build-step-credential-initializer:

{"level":"warn","ts":1548165949.9619412,"logger":"fallback-logger","caller":"logging/config.go:65","msg":"Fetch GitHub commit ID from kodata failed: \"ref: refs/heads/test\" is not a valid GitHub commit ID"}
{"level":"info","ts":1548165949.963288,"logger":"fallback-logger","caller":"creds-init/main.go:40","msg":"Credentials initialized."}
Step: build-step-git-source-0:

{"level":"warn","ts":1548165950.9774532,"logger":"fallback-logger","caller":"logging/config.go:65","msg":"Fetch GitHub commit ID from kodata failed: \"ref: refs/heads/test\" is not a valid GitHub commit ID"}
{"level":"info","ts":1548165954.8346138,"logger":"fallback-logger","caller":"git-init/main.go:92","msg":"Successfully cloned \"https://github.com/interweberde/ching-chang-chong.git\" @ \"master\" in path \"/workspace\""}
Step: build-step-jenkins:

Picked up _JAVA_OPTIONS: -Xmx400m
Started
Running in Durability level: PERFORMANCE_OPTIMIZED
  17.534 [id=40]	WARNING	i.f.k.c.i.VersionUsageUtils#alert: The client is using resource type 'customresourcedefinitions' with unstable version 'v1beta1'
[Pipeline] node
Running on Jenkins in /tmp/jenkinsTests.tmp/jenkins7262451377778419114test/workspace/job
[Pipeline] {
[Pipeline] stage
[Pipeline] { (Declarative: Checkout SCM)
[Pipeline] checkout
[Pipeline] }
[Pipeline] // stage
[Pipeline] withCredentials
[Pipeline] {
[Pipeline] withEnv
[Pipeline] {
[Pipeline] stage
[Pipeline] { (CI Build and push snapshot)
Stage "CI Build and push snapshot" skipped due to when conditional
[Pipeline] }
[Pipeline] // stage
[Pipeline] stage
[Pipeline] { (Build Release)
[Pipeline] git
 > git rev-parse --is-inside-work-tree # timeout=10
Fetching changes from the remote Git repository
 > git config remote.origin.url https://github.com/interweberde/ching-chang-chong.git # timeout=10
Fetching upstream changes from https://github.com/interweberde/ching-chang-chong.git
 > git --version # timeout=10
 > git fetch --tags --progress https://github.com/interweberde/ching-chang-chong.git +refs/heads/*:refs/remotes/origin/*
 > git rev-parse refs/remotes/origin/master^{commit} # timeout=10
 > git rev-parse refs/remotes/origin/origin/master^{commit} # timeout=10
Checking out Revision a006be4a3907e82d93dcfbc7d78e9e64b6e8f994 (refs/remotes/origin/master)
 > git config core.sparsecheckout # timeout=10
 > git checkout -f a006be4a3907e82d93dcfbc7d78e9e64b6e8f994
 > git branch -a -v --no-abbrev # timeout=10
 > git branch -D master # timeout=10
 > git checkout -b master a006be4a3907e82d93dcfbc7d78e9e64b6e8f994
Commit message: "Draft create"
First time build. Skipping changelog.
[Pipeline] sh
+ jx-release-version
+ echo 0.0.1
[Pipeline] sh
+ cat VERSION
+ jx step tag --version 0.0.1
Tag v0.0.1 created and pushed to remote origin
[Pipeline] sh
+ npm install
npm notice created a lockfile as package-lock.json. You should commit this file.
npm WARN REPLACE_ME@1.0.0 No repository field.
npm WARN REPLACE_ME@1.0.0 No license field.

up to date in 0.113s
[Pipeline] sh
+ CI=true DISPLAY=:99 npm test

> REPLACE_ME@1.0.0 test /tmp/jenkinsTests.tmp/jenkins7262451377778419114test/workspace/job
> echo "no test specified" && exit 0

no test specified
[Pipeline] sh
+ cat VERSION
+ export VERSION=0.0.1
+ skaffold build -f skaffold.yaml
Starting build...
Building [changeme]...
Sending build context to Docker daemon    108kB
Step 1/6 : FROM node:9-slim
 ---> e20bb4abe4ee
Step 2/6 : ENV PORT 8080
 ---> Using cache
 ---> 962c4cc92a27
Step 3/6 : EXPOSE 8080
 ---> Using cache
 ---> 0d26e0c733f7
Step 4/6 : WORKDIR /usr/src/app
 ---> Using cache
 ---> 73ed8264170c
Step 5/6 : COPY . .
 ---> 0b8b0e105e0f
Step 6/6 : CMD ["npm", "start"]
 ---> Running in 9ed0df676549
 ---> 8a4f949a25c0
Successfully built 8a4f949a25c0
Successfully tagged 367e745c5a89c23f64236ff86a26e7f4:latest
The push refers to repository [10.152.183.126:5000/interweberde/ching-chang-chong]
d6ae25b6baf9: Preparing
c35f7e9f9bc2: Preparing
e16c226cf2a8: Preparing
7fd597d009e4: Preparing
7c6ab5fb7059: Preparing
ed271eac23e9: Preparing
156ff16f37e4: Preparing
ed271eac23e9: Waiting
156ff16f37e4: Waiting
c35f7e9f9bc2: Mounted from interweberde/ts-01-ching-chang-chong
7fd597d009e4: Mounted from interweberde/ts-01-ching-chang-chong
e16c226cf2a8: Mounted from interweberde/ts-01-ching-chang-chong
7c6ab5fb7059: Mounted from interweberde/ts-01-ching-chang-chong
ed271eac23e9: Mounted from interweberde/ts-01-ching-chang-chong
156ff16f37e4: Mounted from interweberde/ts-01-ching-chang-chong
d6ae25b6baf9: Pushed
0.0.1: digest: sha256:03c3a5950b061ef1b5616f88cf50ccfe05598599f4b85163c90d851b426dbf8d size: 1786
Build complete in 977.822609ms
Starting test...
Test complete in 14.027µs
changeme -> 10.152.183.126:5000/interweberde/ching-chang-chong:0.0.1
[Pipeline] sh
+ cat VERSION
+ jx step post build --image 10.152.183.126:5000/interweberde/ching-chang-chong:0.0.1
[Pipeline] }
[Pipeline] // stage
[Pipeline] stage
[Pipeline] { (Promote to Environments)
[Pipeline] dir
Running in /tmp/jenkinsTests.tmp/jenkins7262451377778419114test/workspace/job/charts/ching-chang-chong
[Pipeline] {
[Pipeline] sh
+ cat ../../VERSION
+ jx step changelog --version v0.0.1
Using batch mode as inside a pipeline
Generating change log from git ref a006be4a3907e82d93dcfbc7d78e9e64b6e8f994 => f3122279a7091c231635e9b175ca6b67feb6536f
Associating user jenkins-x.googlegroups.com in users.jenkins.io with email jenkins-x@googlegroups.com to git GitProvider user with login  as emails match
Adding label jenkins.io/git-github-userid= to user jenkins-x.googlegroups.com in users.jenkins.io
Associating user jenkins-x.googlegroups.com in users.jenkins.io with email jenkins-x@googlegroups.com to git GitProvider user with login  as emails match
Adding label jenkins.io/git-github-userid= to user jenkins-x.googlegroups.com in users.jenkins.io
Finding issues in commit messages using git format
No release found for interweberde/ching-chang-chong and tag v0.0.1 so creating a new release
Updated the release information at https://github.com/interweberde/ching-chang-chong/releases/tag/v0.0.1
generated: /tmp/jenkinsTests.tmp/jenkins7262451377778419114test/workspace/job/charts/ching-chang-chong/templates/release.yaml
Created Release ching-chang-chong-0-0-1 resource in namespace jx
Updating PipelineActivity interweberde-ching-chang-chong-master-1 with version 0.0.1
Updated PipelineActivities interweberde-ching-chang-chong-master-1 with release notes URL: https://github.com/interweberde/ching-chang-chong/releases/tag/v0.0.1
[Pipeline] sh
+ jx step helm release
No $CHART_REPOSITORY defined so using the default value of: http://jenkins-x-chartmuseum:8080
Adding missing Helm repo: jenkins-x http://chartmuseum.jenkins-x.io
Successfully added Helm repository jenkins-x.
Adding missing Helm repo: releases http://jenkins-x-chartmuseum:8080
Successfully added Helm repository releases.
No $CHART_REPOSITORY defined so using the default value of: http://jenkins-x-chartmuseum:8080
Uploading chart file ching-chang-chong-0.0.1.tgz to http://jenkins-x-chartmuseum:8080/api/charts
Received 201 response: {"saved":true}
[Pipeline] sh
+ cat ../../VERSION
+ jx promote -b --all-auto --timeout 1h --version 0.0.1
prow based install so skip waiting for the merge of Pull Requests to go green as currently there is an issue with gettingstatuses from the PR, see https://github.com/jenkins-x/jx/issues/2410
Promoting app ching-chang-chong version 0.0.1 to namespace jx-staging
error: open .gitignore: no such file or directory
[Pipeline] }
[Pipeline] // dir
[Pipeline] }
[Pipeline] // stage
[Pipeline] }
[Pipeline] // withEnv
[Pipeline] }
[Pipeline] // withCredentials
[Pipeline] }
[Pipeline] // node
[Pipeline] End of Pipeline
ERROR: script returned exit code 1
Finished: FAILURE
